5219321156539:ENCOLADO ans_4b681eb6-bfec-4754-8ba8-97bafb12849c
EJECUTANDO:ans_4b681eb6-bfec-4754-8ba8-97bafb12849c
5219321156539:SUCCESS ans_4b681eb6-bfec-4754-8ba8-97bafb12849c
5219321156539:SUCCESS ans_4b681eb6-bfec-4754-8ba8-97bafb12849c
5219321156539:ENCOLADO ans_4b681eb6-bfec-4754-8ba8-97bafb12849c
EJECUTANDO:ans_4b681eb6-bfec-4754-8ba8-97bafb12849c
5219321156539:SUCCESS ans_4b681eb6-bfec-4754-8ba8-97bafb12849c
5219321156539:SUCCESS ans_4b681eb6-bfec-4754-8ba8-97bafb12849c
5219321156539:ENCOLADO ans_4b681eb6-bfec-4754-8ba8-97bafb12849c
EJECUTANDO:ans_4b681eb6-bfec-4754-8ba8-97bafb12849c
5219321156539:SUCCESS ans_4b681eb6-bfec-4754-8ba8-97bafb12849c
5219321156539:SUCCESS ans_4b681eb6-bfec-4754-8ba8-97bafb12849c
5219321156539:ENCOLADO ans_4b681eb6-bfec-4754-8ba8-97bafb12849c
EJECUTANDO:ans_4b681eb6-bfec-4754-8ba8-97bafb12849c
5219321156539:SUCCESS ans_4b681eb6-bfec-4754-8ba8-97bafb12849c
5219321156539:SUCCESS ans_4b681eb6-bfec-4754-8ba8-97bafb12849c
5219321156539:ENCOLADO ans_4b681eb6-bfec-4754-8ba8-97bafb12849c
EJECUTANDO:ans_4b681eb6-bfec-4754-8ba8-97bafb12849c
5219321156539:SUCCESS ans_4b681eb6-bfec-4754-8ba8-97bafb12849c
5219321156539:SUCCESS ans_4b681eb6-bfec-4754-8ba8-97bafb12849c
5219321156539:ENCOLADO ans_4b681eb6-bfec-4754-8ba8-97bafb12849c
EJECUTANDO:ans_4b681eb6-bfec-4754-8ba8-97bafb12849c
5219321156539:SUCCESS ans_4b681eb6-bfec-4754-8ba8-97bafb12849c
5219321156539:SUCCESS ans_4b681eb6-bfec-4754-8ba8-97bafb12849c
5219321156539:ENCOLADO ans_4b681eb6-bfec-4754-8ba8-97bafb12849c
EJECUTANDO:ans_4b681eb6-bfec-4754-8ba8-97bafb12849c
5219321156539:SUCCESS ans_4b681eb6-bfec-4754-8ba8-97bafb12849c
5219321156539:SUCCESS ans_4b681eb6-bfec-4754-8ba8-97bafb12849c
5219321156539:ENCOLADO ans_4b681eb6-bfec-4754-8ba8-97bafb12849c
EJECUTANDO:ans_4b681eb6-bfec-4754-8ba8-97bafb12849c
5219321156539:SUCCESS ans_4b681eb6-bfec-4754-8ba8-97bafb12849c
5219321156539:SUCCESS ans_4b681eb6-bfec-4754-8ba8-97bafb12849c
5219321156539:ENCOLADO ans_4b681eb6-bfec-4754-8ba8-97bafb12849c
EJECUTANDO:ans_4b681eb6-bfec-4754-8ba8-97bafb12849c
5219321156539:SUCCESS ans_4b681eb6-bfec-4754-8ba8-97bafb12849c
5219321156539:SUCCESS ans_4b681eb6-bfec-4754-8ba8-97bafb12849c
5219321156539:ENCOLADO ans_4b681eb6-bfec-4754-8ba8-97bafb12849c
EJECUTANDO:ans_4b681eb6-bfec-4754-8ba8-97bafb12849c
5219321156539:SUCCESS ans_4b681eb6-bfec-4754-8ba8-97bafb12849c
5219321156539:SUCCESS ans_4b681eb6-bfec-4754-8ba8-97bafb12849c
5219321156539:ENCOLADO ans_4b681eb6-bfec-4754-8ba8-97bafb12849c
EJECUTANDO:ans_4b681eb6-bfec-4754-8ba8-97bafb12849c
5219321156539:SUCCESS ans_4b681eb6-bfec-4754-8ba8-97bafb12849c
5219321156539:SUCCESS ans_4b681eb6-bfec-4754-8ba8-97bafb12849c
5219321156539:ENCOLADO ans_329d562d-4bcc-4bb8-9495-7a0bc703cf27
EJECUTANDO:ans_329d562d-4bcc-4bb8-9495-7a0bc703cf27
5219321156539:SUCCESS ans_329d562d-4bcc-4bb8-9495-7a0bc703cf27
5219321156539:SUCCESS ans_329d562d-4bcc-4bb8-9495-7a0bc703cf27
5219613780525:ENCOLADO ans_4b681eb6-bfec-4754-8ba8-97bafb12849c
EJECUTANDO:ans_4b681eb6-bfec-4754-8ba8-97bafb12849c
5219613780525:SUCCESS ans_4b681eb6-bfec-4754-8ba8-97bafb12849c
5219613780525:SUCCESS ans_4b681eb6-bfec-4754-8ba8-97bafb12849c
5219613780525:ENCOLADO ans_4b681eb6-bfec-4754-8ba8-97bafb12849c
EJECUTANDO:ans_4b681eb6-bfec-4754-8ba8-97bafb12849c
5219613780525:SUCCESS ans_4b681eb6-bfec-4754-8ba8-97bafb12849c
5219613780525:SUCCESS ans_4b681eb6-bfec-4754-8ba8-97bafb12849c
5219321156539:ENCOLADO ans_4b681eb6-bfec-4754-8ba8-97bafb12849c
EJECUTANDO:ans_4b681eb6-bfec-4754-8ba8-97bafb12849c
5219321156539:SUCCESS ans_4b681eb6-bfec-4754-8ba8-97bafb12849c
5219321156539:SUCCESS ans_4b681eb6-bfec-4754-8ba8-97bafb12849c
5219613780525:ENCOLADO ans_329d562d-4bcc-4bb8-9495-7a0bc703cf27
EJECUTANDO:ans_329d562d-4bcc-4bb8-9495-7a0bc703cf27
5219613780525:SUCCESS ans_329d562d-4bcc-4bb8-9495-7a0bc703cf27
5219613780525:SUCCESS ans_329d562d-4bcc-4bb8-9495-7a0bc703cf27
5219321156539:ENCOLADO ans_4b681eb6-bfec-4754-8ba8-97bafb12849c
EJECUTANDO:ans_4b681eb6-bfec-4754-8ba8-97bafb12849c
5219321156539:SUCCESS ans_4b681eb6-bfec-4754-8ba8-97bafb12849c
5219321156539:SUCCESS ans_4b681eb6-bfec-4754-8ba8-97bafb12849c
5219321156539:ENCOLADO ans_4b681eb6-bfec-4754-8ba8-97bafb12849c
EJECUTANDO:ans_4b681eb6-bfec-4754-8ba8-97bafb12849c
5219321156539:SUCCESS ans_4b681eb6-bfec-4754-8ba8-97bafb12849c
5219321156539:SUCCESS ans_4b681eb6-bfec-4754-8ba8-97bafb12849c
5219613780525:ENCOLADO ans_4b681eb6-bfec-4754-8ba8-97bafb12849c
EJECUTANDO:ans_4b681eb6-bfec-4754-8ba8-97bafb12849c
5219613780525:SUCCESS ans_4b681eb6-bfec-4754-8ba8-97bafb12849c
5219613780525:SUCCESS ans_4b681eb6-bfec-4754-8ba8-97bafb12849c
5219613780525:ENCOLADO ans_4b681eb6-bfec-4754-8ba8-97bafb12849c
EJECUTANDO:ans_4b681eb6-bfec-4754-8ba8-97bafb12849c
5219613780525:SUCCESS ans_4b681eb6-bfec-4754-8ba8-97bafb12849c
5219613780525:SUCCESS ans_4b681eb6-bfec-4754-8ba8-97bafb12849c
5219613780525:ENCOLADO ans_c8c75fb8-556e-40ca-b32e-7f0a07eaff54
EJECUTANDO:ans_c8c75fb8-556e-40ca-b32e-7f0a07eaff54
5219613780525:SUCCESS ans_c8c75fb8-556e-40ca-b32e-7f0a07eaff54
5219613780525:SUCCESS ans_c8c75fb8-556e-40ca-b32e-7f0a07eaff54
5219613780525:ENCOLADO ans_329d562d-4bcc-4bb8-9495-7a0bc703cf27
EJECUTANDO:ans_329d562d-4bcc-4bb8-9495-7a0bc703cf27
5219613780525:SUCCESS ans_329d562d-4bcc-4bb8-9495-7a0bc703cf27
5219613780525:SUCCESS ans_329d562d-4bcc-4bb8-9495-7a0bc703cf27
5219613780525:ENCOLADO ans_b2538fd2-3f10-4a19-aa42-93f1491b71d5
EJECUTANDO:ans_b2538fd2-3f10-4a19-aa42-93f1491b71d5
5219613780525:SUCCESS ans_b2538fd2-3f10-4a19-aa42-93f1491b71d5
5219613780525:SUCCESS ans_b2538fd2-3f10-4a19-aa42-93f1491b71d5
5219613780525:ENCOLADO ans_4b681eb6-bfec-4754-8ba8-97bafb12849c
EJECUTANDO:ans_4b681eb6-bfec-4754-8ba8-97bafb12849c
5219613780525:SUCCESS ans_4b681eb6-bfec-4754-8ba8-97bafb12849c
5219613780525:SUCCESS ans_4b681eb6-bfec-4754-8ba8-97bafb12849c
5219613780525:ENCOLADO ans_4b681eb6-bfec-4754-8ba8-97bafb12849c
EJECUTANDO:ans_4b681eb6-bfec-4754-8ba8-97bafb12849c
5219613780525:SUCCESS ans_4b681eb6-bfec-4754-8ba8-97bafb12849c
5219613780525:SUCCESS ans_4b681eb6-bfec-4754-8ba8-97bafb12849c
